<?xml version="1.0" encoding="UTF-8"?>
<!-- Generated by org.testng.reporters.JUnitXMLReporter -->
<testsuite hostname="Cajetan-PC" ignored="0" name="AccountLogin" tests="2" failures="2" timestamp="30 Mar 2021 07:18:59 GMT" time="181.689" errors="0">
  <testcase name="runAccountLogin" time="66.172" classname="simpliLearn.swiggyApplication.AccountLoginAndBuyFood">
    <failure type="org.openqa.selenium.TimeoutException" message="Expected condition failed: waiting for element to be clickable: By.id: in.swiggy.android:id/forgotPasswordSubmitBtn (tried for 30 second(s) with 500 milliseconds interval)">
      <![CDATA[org.openqa.selenium.TimeoutException: Expected condition failed: waiting for element to be clickable: By.id: in.swiggy.android:id/forgotPasswordSubmitBtn (tried for 30 second(s) with 500 milliseconds interval)
at org.openqa.selenium.support.ui.WebDriverWait.timeoutException(WebDriverWait.java:95)
at org.openqa.selenium.support.ui.FluentWait.until(FluentWait.java:272)
at simpliLearn.swiggyApplication.AccountLoginAndBuyFood.runAccountLogin(AccountLoginAndBuyFood.java:121)
Caused by: org.openqa.selenium.NoSuchElementException: An element could not be located on the page using the given search parameters.
For documentation on this error, please visit: https://www.seleniumhq.org/exceptions/no_such_element.html
Build info: version: '3.141.59', revision: 'e82be7d358', time: '2018-11-14T08:17:03'
System info: host: 'CAJETAN-PC', ip: '172.17.240.1', os.name: 'Windows 10', os.arch: 'amd64', os.version: '10.0', java.version: '1.8.0_271'
Driver info: io.appium.java_client.android.AndroidDriver
Capabilities {appActivity: in.swiggy.android.activitie..., appPackage: in.swiggy.android, appWaitActivity: in.swiggy.android.activitie..., databaseEnabled: false, desired: {appActivity: in.swiggy.android.activitie..., appPackage: in.swiggy.android, appWaitActivity: in.swiggy.android.activitie..., deviceName: Cajy's OnePlus 8T, ensureWebviewsHavePages: true, platformName: android, platformVersion: 11}, deviceApiLevel: 30, deviceManufacturer: OnePlus, deviceModel: KB2001, deviceName: efe862bd, deviceScreenDensity: 450, deviceScreenSize: 1080x2400, deviceUDID: efe862bd, ensureWebviewsHavePages: true, javascriptEnabled: true, locationContextEnabled: false, networkConnectionEnabled: true, pixelRatio: 2.8125, platform: LINUX, platformName: Android, platformVersion: 11, statBarHeight: 104, takesScreenshot: true, viewportRect: {height: 2148, left: 0, top: 104, width: 1080}, warnings: {}, webStorageEnabled: false}
Session ID: 0d253dd8-d2ef-4f12-b574-c02df9fe7898
*** Element info: {Using=id, value=in.swiggy.android:id/forgotPasswordSubmitBtn}
at org.openqa.selenium.remote.http.W3CHttpResponseCodec.createException(W3CHttpResponseCodec.java:187)
at org.openqa.selenium.remote.http.W3CHttpResponseCodec.decode(W3CHttpResponseCodec.java:122)
at org.openqa.selenium.remote.http.W3CHttpResponseCodec.decode(W3CHttpResponseCodec.java:49)
at org.openqa.selenium.remote.HttpCommandExecutor.execute(HttpCommandExecutor.java:158)
at io.appium.java_client.remote.AppiumCommandExecutor.execute(AppiumCommandExecutor.java:239)
at org.openqa.selenium.remote.RemoteWebDriver.execute(RemoteWebDriver.java:552)
at io.appium.java_client.DefaultGenericMobileDriver.execute(DefaultGenericMobileDriver.java:42)
at io.appium.java_client.AppiumDriver.execute(AppiumDriver.java:1)
at io.appium.java_client.android.AndroidDriver.execute(AndroidDriver.java:1)
at org.openqa.selenium.remote.RemoteWebDriver.findElement(RemoteWebDriver.java:323)
at io.appium.java_client.DefaultGenericMobileDriver.findElement(DefaultGenericMobileDriver.java:62)
at io.appium.java_client.AppiumDriver.findElement(AppiumDriver.java:1)
at io.appium.java_client.android.AndroidDriver.findElement(AndroidDriver.java:1)
at org.openqa.selenium.remote.RemoteWebDriver.findElementById(RemoteWebDriver.java:372)
at io.appium.java_client.DefaultGenericMobileDriver.findElementById(DefaultGenericMobileDriver.java:70)
at io.appium.java_client.AppiumDriver.findElementById(AppiumDriver.java:1)
at io.appium.java_client.android.AndroidDriver.findElementById(AndroidDriver.java:1)
at org.openqa.selenium.By$ById.findElement(By.java:188)
at org.openqa.selenium.remote.RemoteWebDriver.findElement(RemoteWebDriver.java:315)
at io.appium.java_client.DefaultGenericMobileDriver.findElement(DefaultGenericMobileDriver.java:58)
at io.appium.java_client.AppiumDriver.findElement(AppiumDriver.java:1)
at io.appium.java_client.android.AndroidDriver.findElement(AndroidDriver.java:1)
at org.openqa.selenium.support.ui.ExpectedConditions$7.apply(ExpectedConditions.java:205)
at org.openqa.selenium.support.ui.ExpectedConditions$7.apply(ExpectedConditions.java:201)
at org.openqa.selenium.support.ui.ExpectedConditions$22.apply(ExpectedConditions.java:641)
at org.openqa.selenium.support.ui.ExpectedConditions$22.apply(ExpectedConditions.java:638)
at org.openqa.selenium.support.ui.FluentWait.until(FluentWait.java:249)
... 30 more
... Removed 33 stack frames]]>
    </failure>
  </testcase> <!-- runAccountLogin -->
  <testcase name="buyFood" time="97.138" classname="simpliLearn.swiggyApplication.AccountLoginAndBuyFood">
    <failure type="org.openqa.selenium.NoSuchElementException" message="An element could not be located on the page using the given search parameters.
For documentation on this error, please visit: https://www.seleniumhq.org/exceptions/no_such_element.html
Build info: version: &amp;apos;3.141.59&amp;apos;, revision: &amp;apos;e82be7d358&amp;apos;, time: &amp;apos;2018-11-14T08:17:03&amp;apos;
System info: host: &amp;apos;CAJETAN-PC&amp;apos;, ip: &amp;apos;172.17.240.1&amp;apos;, os.name: &amp;apos;Windows 10&amp;apos;, os.arch: &amp;apos;amd64&amp;apos;, os.version: &amp;apos;10.0&amp;apos;, java.version: &amp;apos;1.8.0_271&amp;apos;
Driver info: io.appium.java_client.android.AndroidDriver
Capabilities {appActivity: in.swiggy.android.activitie..., appPackage: in.swiggy.android, appWaitActivity: in.swiggy.android.activitie..., databaseEnabled: false, desired: {appActivity: in.swiggy.android.activitie..., appPackage: in.swiggy.android, appWaitActivity: in.swiggy.android.activitie..., deviceName: Cajy&amp;apos;s OnePlus 8T, ensureWebviewsHavePages: true, platformName: android, platformVersion: 11}, deviceApiLevel: 30, deviceManufacturer: OnePlus, deviceModel: KB2001, deviceName: efe862bd, deviceScreenDensity: 450, deviceScreenSize: 1080x2400, deviceUDID: efe862bd, ensureWebviewsHavePages: true, javascriptEnabled: true, locationContextEnabled: false, networkConnectionEnabled: true, pixelRatio: 2.8125, platform: LINUX, platformName: Android, platformVersion: 11, statBarHeight: 104, takesScreenshot: true, viewportRect: {height: 2148, left: 0, top: 104, width: 1080}, warnings: {}, webStorageEnabled: false}
Session ID: 0d253dd8-d2ef-4f12-b574-c02df9fe7898
*** Element info: {Using=id, value=in.swiggy.android:id/cart_icon}">
      <![CDATA[org.openqa.selenium.NoSuchElementException: An element could not be located on the page using the given search parameters.
For documentation on this error, please visit: https://www.seleniumhq.org/exceptions/no_such_element.html
Build info: version: '3.141.59', revision: 'e82be7d358', time: '2018-11-14T08:17:03'
System info: host: 'CAJETAN-PC', ip: '172.17.240.1', os.name: 'Windows 10', os.arch: 'amd64', os.version: '10.0', java.version: '1.8.0_271'
Driver info: io.appium.java_client.android.AndroidDriver
Capabilities {appActivity: in.swiggy.android.activitie..., appPackage: in.swiggy.android, appWaitActivity: in.swiggy.android.activitie..., databaseEnabled: false, desired: {appActivity: in.swiggy.android.activitie..., appPackage: in.swiggy.android, appWaitActivity: in.swiggy.android.activitie..., deviceName: Cajy's OnePlus 8T, ensureWebviewsHavePages: true, platformName: android, platformVersion: 11}, deviceApiLevel: 30, deviceManufacturer: OnePlus, deviceModel: KB2001, deviceName: efe862bd, deviceScreenDensity: 450, deviceScreenSize: 1080x2400, deviceUDID: efe862bd, ensureWebviewsHavePages: true, javascriptEnabled: true, locationContextEnabled: false, networkConnectionEnabled: true, pixelRatio: 2.8125, platform: LINUX, platformName: Android, platformVersion: 11, statBarHeight: 104, takesScreenshot: true, viewportRect: {height: 2148, left: 0, top: 104, width: 1080}, warnings: {}, webStorageEnabled: false}
Session ID: 0d253dd8-d2ef-4f12-b574-c02df9fe7898
*** Element info: {Using=id, value=in.swiggy.android:id/cart_icon}
at org.openqa.selenium.remote.http.W3CHttpResponseCodec.createException(W3CHttpResponseCodec.java:187)
at org.openqa.selenium.remote.http.W3CHttpResponseCodec.decode(W3CHttpResponseCodec.java:122)
at org.openqa.selenium.remote.http.W3CHttpResponseCodec.decode(W3CHttpResponseCodec.java:49)
at org.openqa.selenium.remote.HttpCommandExecutor.execute(HttpCommandExecutor.java:158)
at io.appium.java_client.remote.AppiumCommandExecutor.execute(AppiumCommandExecutor.java:239)
at org.openqa.selenium.remote.RemoteWebDriver.execute(RemoteWebDriver.java:552)
at io.appium.java_client.DefaultGenericMobileDriver.execute(DefaultGenericMobileDriver.java:42)
at io.appium.java_client.AppiumDriver.execute(AppiumDriver.java:1)
at io.appium.java_client.android.AndroidDriver.execute(AndroidDriver.java:1)
at org.openqa.selenium.remote.RemoteWebDriver.findElement(RemoteWebDriver.java:323)
at io.appium.java_client.DefaultGenericMobileDriver.findElement(DefaultGenericMobileDriver.java:62)
at io.appium.java_client.AppiumDriver.findElement(AppiumDriver.java:1)
at io.appium.java_client.android.AndroidDriver.findElement(AndroidDriver.java:1)
at org.openqa.selenium.remote.RemoteWebDriver.findElementById(RemoteWebDriver.java:372)
at io.appium.java_client.DefaultGenericMobileDriver.findElementById(DefaultGenericMobileDriver.java:70)
at io.appium.java_client.AppiumDriver.findElementById(AppiumDriver.java:1)
at io.appium.java_client.android.AndroidDriver.findElementById(AndroidDriver.java:1)
at simpliLearn.swiggyApplication.AccountLoginAndBuyFood.buyFood(AccountLoginAndBuyFood.java:249)
... Removed 33 stack frames]]>
    </failure>
  </testcase> <!-- buyFood -->
</testsuite> <!-- AccountLogin -->
