<?xml version="1.0" encoding="UTF-8"?>
<!-- Generated by org.testng.reporters.JUnitXMLReporter -->
<testsuite hostname="Cajetan-PC" ignored="0" name="AccountLoginAndBuyFood" tests="2" failures="0" timestamp="31 Mar 2021 05:24:36 GMT" time="0.003" errors="0">
  <testcase name="@BeforeSuite setup" time="0.017" classname="simpliLearn.swiggyApplication.Search">
    <failure type="java.lang.RuntimeException" message="DeviceType entered does not exist for this test environment.">
      <![CDATA[java.lang.RuntimeException: DeviceType entered does not exist for this test environment.
at simpliLearn.swiggyApplication.TestCase.initiateDeviceType(TestCase.java:35)
at simpliLearn.swiggyApplication.Search.setup(Search.java:32)
... Removed 24 stack frames]]>
    </failure>
  </testcase> <!-- @BeforeSuite setup -->
  <testcase name="@BeforeTest setup" time="0.0" classname="simpliLearn.swiggyApplication.AccountLoginAndBuyFood">
    <skipped/>
  </testcase> <!-- @BeforeTest setup -->
  <testcase name="runAccountLogin" time="0.0" classname="simpliLearn.swiggyApplication.AccountLoginAndBuyFood">
    <skipped/>
  </testcase> <!-- runAccountLogin -->
  <testcase name="buyFood" time="0.0" classname="simpliLearn.swiggyApplication.AccountLoginAndBuyFood">
    <skipped/>
  </testcase> <!-- buyFood -->
</testsuite> <!-- AccountLoginAndBuyFood -->
