<?xml version="1.0" encoding="UTF-8"?>
<!-- Generated by org.testng.reporters.JUnitXMLReporter -->
<testsuite hostname="Cajetan-PC" ignored="0" name="SwiggyRegression" tests="3" failures="2" timestamp="31 Mar 2021 08:20:39 GMT" time="226.266" errors="0">
  <testcase name="runSearchTest" time="23.926" classname="simpliLearn.swiggyApplication.SwiggyAppTests"/>
  <testcase name="runLoginTest" time="28.975" classname="simpliLearn.swiggyApplication.SwiggyAppTests">
    <failure type="org.openqa.selenium.NoSuchElementException" message="An element could not be located on the page using the given search parameters.
For documentation on this error, please visit: https://www.seleniumhq.org/exceptions/no_such_element.html
Build info: version: &amp;apos;3.141.59&amp;apos;, revision: &amp;apos;e82be7d358&amp;apos;, time: &amp;apos;2018-11-14T08:17:03&amp;apos;
System info: host: &amp;apos;CAJETAN-PC&amp;apos;, ip: &amp;apos;172.17.240.1&amp;apos;, os.name: &amp;apos;Windows 10&amp;apos;, os.arch: &amp;apos;amd64&amp;apos;, os.version: &amp;apos;10.0&amp;apos;, java.version: &amp;apos;1.8.0_271&amp;apos;
Driver info: io.appium.java_client.android.AndroidDriver
Capabilities {appActivity: in.swiggy.android.activitie..., appPackage: in.swiggy.android, appWaitActivity: in.swiggy.android.activitie..., databaseEnabled: false, desired: {appActivity: in.swiggy.android.activitie..., appPackage: in.swiggy.android, appWaitActivity: in.swiggy.android.activitie..., deviceName: Cajy&amp;apos;s OnePlus 8T, ensureWebviewsHavePages: true, platformName: android, platformVersion: 11}, deviceApiLevel: 30, deviceManufacturer: OnePlus, deviceModel: KB2001, deviceName: efe862bd, deviceScreenDensity: 450, deviceScreenSize: 1080x2400, deviceUDID: efe862bd, ensureWebviewsHavePages: true, javascriptEnabled: true, locationContextEnabled: false, networkConnectionEnabled: true, pixelRatio: 2.8125, platform: LINUX, platformName: Android, platformVersion: 11, statBarHeight: 104, takesScreenshot: true, viewportRect: {height: 2148, left: 0, top: 104, width: 1080}, warnings: {}, webStorageEnabled: false}
Session ID: 62c4be23-6013-445b-a4f7-a20de36bcb3b
*** Element info: {Using=id, value=in.swiggy.android:id/edit_account__phone_et}">
      <![CDATA[org.openqa.selenium.NoSuchElementException: An element could not be located on the page using the given search parameters.
For documentation on this error, please visit: https://www.seleniumhq.org/exceptions/no_such_element.html
Build info: version: '3.141.59', revision: 'e82be7d358', time: '2018-11-14T08:17:03'
System info: host: 'CAJETAN-PC', ip: '172.17.240.1', os.name: 'Windows 10', os.arch: 'amd64', os.version: '10.0', java.version: '1.8.0_271'
Driver info: io.appium.java_client.android.AndroidDriver
Capabilities {appActivity: in.swiggy.android.activitie..., appPackage: in.swiggy.android, appWaitActivity: in.swiggy.android.activitie..., databaseEnabled: false, desired: {appActivity: in.swiggy.android.activitie..., appPackage: in.swiggy.android, appWaitActivity: in.swiggy.android.activitie..., deviceName: Cajy's OnePlus 8T, ensureWebviewsHavePages: true, platformName: android, platformVersion: 11}, deviceApiLevel: 30, deviceManufacturer: OnePlus, deviceModel: KB2001, deviceName: efe862bd, deviceScreenDensity: 450, deviceScreenSize: 1080x2400, deviceUDID: efe862bd, ensureWebviewsHavePages: true, javascriptEnabled: true, locationContextEnabled: false, networkConnectionEnabled: true, pixelRatio: 2.8125, platform: LINUX, platformName: Android, platformVersion: 11, statBarHeight: 104, takesScreenshot: true, viewportRect: {height: 2148, left: 0, top: 104, width: 1080}, warnings: {}, webStorageEnabled: false}
Session ID: 62c4be23-6013-445b-a4f7-a20de36bcb3b
*** Element info: {Using=id, value=in.swiggy.android:id/edit_account__phone_et}
at org.openqa.selenium.remote.http.W3CHttpResponseCodec.createException(W3CHttpResponseCodec.java:187)
at org.openqa.selenium.remote.http.W3CHttpResponseCodec.decode(W3CHttpResponseCodec.java:122)
at org.openqa.selenium.remote.http.W3CHttpResponseCodec.decode(W3CHttpResponseCodec.java:49)
at org.openqa.selenium.remote.HttpCommandExecutor.execute(HttpCommandExecutor.java:158)
at io.appium.java_client.remote.AppiumCommandExecutor.execute(AppiumCommandExecutor.java:239)
at org.openqa.selenium.remote.RemoteWebDriver.execute(RemoteWebDriver.java:552)
at io.appium.java_client.DefaultGenericMobileDriver.execute(DefaultGenericMobileDriver.java:42)
at io.appium.java_client.AppiumDriver.execute(AppiumDriver.java:1)
at io.appium.java_client.android.AndroidDriver.execute(AndroidDriver.java:1)
at org.openqa.selenium.remote.RemoteWebDriver.findElement(RemoteWebDriver.java:323)
at io.appium.java_client.DefaultGenericMobileDriver.findElement(DefaultGenericMobileDriver.java:62)
at io.appium.java_client.AppiumDriver.findElement(AppiumDriver.java:1)
at io.appium.java_client.android.AndroidDriver.findElement(AndroidDriver.java:1)
at org.openqa.selenium.remote.RemoteWebDriver.findElementById(RemoteWebDriver.java:372)
at io.appium.java_client.DefaultGenericMobileDriver.findElementById(DefaultGenericMobileDriver.java:70)
at io.appium.java_client.AppiumDriver.findElementById(AppiumDriver.java:1)
at io.appium.java_client.android.AndroidDriver.findElementById(AndroidDriver.java:1)
at simpliLearn.swiggyApplication.SwiggyAppTests.runLoginTest(SwiggyAppTests.java:209)
... Removed 33 stack frames]]>
    </failure>
  </testcase> <!-- runLoginTest -->
  <testcase name="runBuyFoodTest" time="145.043" classname="simpliLearn.swiggyApplication.SwiggyAppTests">
    <failure type="org.openqa.selenium.NoSuchElementException" message="An element could not be located on the page using the given search parameters.
For documentation on this error, please visit: https://www.seleniumhq.org/exceptions/no_such_element.html
Build info: version: &amp;apos;3.141.59&amp;apos;, revision: &amp;apos;e82be7d358&amp;apos;, time: &amp;apos;2018-11-14T08:17:03&amp;apos;
System info: host: &amp;apos;CAJETAN-PC&amp;apos;, ip: &amp;apos;172.17.240.1&amp;apos;, os.name: &amp;apos;Windows 10&amp;apos;, os.arch: &amp;apos;amd64&amp;apos;, os.version: &amp;apos;10.0&amp;apos;, java.version: &amp;apos;1.8.0_271&amp;apos;
Driver info: io.appium.java_client.android.AndroidDriver
Capabilities {appActivity: in.swiggy.android.activitie..., appPackage: in.swiggy.android, appWaitActivity: in.swiggy.android.activitie..., databaseEnabled: false, desired: {appActivity: in.swiggy.android.activitie..., appPackage: in.swiggy.android, appWaitActivity: in.swiggy.android.activitie..., deviceName: Cajy&amp;apos;s OnePlus 8T, ensureWebviewsHavePages: true, platformName: android, platformVersion: 11}, deviceApiLevel: 30, deviceManufacturer: OnePlus, deviceModel: KB2001, deviceName: efe862bd, deviceScreenDensity: 450, deviceScreenSize: 1080x2400, deviceUDID: efe862bd, ensureWebviewsHavePages: true, javascriptEnabled: true, locationContextEnabled: false, networkConnectionEnabled: true, pixelRatio: 2.8125, platform: LINUX, platformName: Android, platformVersion: 11, statBarHeight: 104, takesScreenshot: true, viewportRect: {height: 2148, left: 0, top: 104, width: 1080}, warnings: {}, webStorageEnabled: false}
Session ID: 62c4be23-6013-445b-a4f7-a20de36bcb3b
*** Element info: {Using=xpath, value=//*[contains(@text, &amp;apos;BILL TOTAL&amp;apos;)]}">
      <![CDATA[org.openqa.selenium.NoSuchElementException: An element could not be located on the page using the given search parameters.
For documentation on this error, please visit: https://www.seleniumhq.org/exceptions/no_such_element.html
Build info: version: '3.141.59', revision: 'e82be7d358', time: '2018-11-14T08:17:03'
System info: host: 'CAJETAN-PC', ip: '172.17.240.1', os.name: 'Windows 10', os.arch: 'amd64', os.version: '10.0', java.version: '1.8.0_271'
Driver info: io.appium.java_client.android.AndroidDriver
Capabilities {appActivity: in.swiggy.android.activitie..., appPackage: in.swiggy.android, appWaitActivity: in.swiggy.android.activitie..., databaseEnabled: false, desired: {appActivity: in.swiggy.android.activitie..., appPackage: in.swiggy.android, appWaitActivity: in.swiggy.android.activitie..., deviceName: Cajy's OnePlus 8T, ensureWebviewsHavePages: true, platformName: android, platformVersion: 11}, deviceApiLevel: 30, deviceManufacturer: OnePlus, deviceModel: KB2001, deviceName: efe862bd, deviceScreenDensity: 450, deviceScreenSize: 1080x2400, deviceUDID: efe862bd, ensureWebviewsHavePages: true, javascriptEnabled: true, locationContextEnabled: false, networkConnectionEnabled: true, pixelRatio: 2.8125, platform: LINUX, platformName: Android, platformVersion: 11, statBarHeight: 104, takesScreenshot: true, viewportRect: {height: 2148, left: 0, top: 104, width: 1080}, warnings: {}, webStorageEnabled: false}
Session ID: 62c4be23-6013-445b-a4f7-a20de36bcb3b
*** Element info: {Using=xpath, value=//*[contains(@text, 'BILL TOTAL')]}
at org.openqa.selenium.remote.http.W3CHttpResponseCodec.createException(W3CHttpResponseCodec.java:187)
at org.openqa.selenium.remote.http.W3CHttpResponseCodec.decode(W3CHttpResponseCodec.java:122)
at org.openqa.selenium.remote.http.W3CHttpResponseCodec.decode(W3CHttpResponseCodec.java:49)
at org.openqa.selenium.remote.HttpCommandExecutor.execute(HttpCommandExecutor.java:158)
at io.appium.java_client.remote.AppiumCommandExecutor.execute(AppiumCommandExecutor.java:239)
at org.openqa.selenium.remote.RemoteWebDriver.execute(RemoteWebDriver.java:552)
at io.appium.java_client.DefaultGenericMobileDriver.execute(DefaultGenericMobileDriver.java:42)
at io.appium.java_client.AppiumDriver.execute(AppiumDriver.java:1)
at io.appium.java_client.android.AndroidDriver.execute(AndroidDriver.java:1)
at org.openqa.selenium.remote.RemoteWebDriver.findElement(RemoteWebDriver.java:323)
at io.appium.java_client.DefaultGenericMobileDriver.findElement(DefaultGenericMobileDriver.java:62)
at io.appium.java_client.AppiumDriver.findElement(AppiumDriver.java:1)
at io.appium.java_client.android.AndroidDriver.findElement(AndroidDriver.java:1)
at org.openqa.selenium.remote.RemoteWebDriver.findElementByXPath(RemoteWebDriver.java:428)
at io.appium.java_client.DefaultGenericMobileDriver.findElementByXPath(DefaultGenericMobileDriver.java:152)
at io.appium.java_client.AppiumDriver.findElementByXPath(AppiumDriver.java:1)
at io.appium.java_client.android.AndroidDriver.findElementByXPath(AndroidDriver.java:1)
at simpliLearn.swiggyApplication.SwiggyAppTests.runBuyFoodTest(SwiggyAppTests.java:326)
... Removed 33 stack frames]]>
    </failure>
  </testcase> <!-- runBuyFoodTest -->
</testsuite> <!-- SwiggyRegression -->
