<?xml version="1.0" encoding="UTF-8"?>
<testng-results skipped="0" failed="0" ignored="0" total="2" passed="2">
  <reporter-output>
  </reporter-output>
  <suite name="Regression_Swiggy" duration-ms="195601" started-at="2021-03-31T04:43:17Z" finished-at="2021-03-31T04:46:32Z">
    <groups>
    </groups>
    <test name="AccountLoginAndBuyFood" duration-ms="195601" started-at="2021-03-31T04:43:17Z" finished-at="2021-03-31T04:46:32Z">
      <class name="simpliLearn.swiggyApplication.AccountLoginAndBuyFood">
        <test-method status="PASS" signature="setup()[pri:0, instance:simpliLearn.swiggyApplication.AccountLoginAndBuyFood@31d7b7bf]" name="setup" is-config="true" duration-ms="30532" started-at="2021-03-31T04:43:17Z" finished-at="2021-03-31T04:43:47Z">
          <reporter-output>
          </reporter-output>
        </test-method> <!-- setup -->
        <test-method status="PASS" signature="runAccountLogin(java.lang.String)[pri:2, instance:simpliLearn.swiggyApplication.AccountLoginAndBuyFood@31d7b7bf]" name="runAccountLogin" duration-ms="47159" started-at="2021-03-31T04:43:48Z" finished-at="2021-03-31T04:44:35Z">
          <params>
            <param index="0">
              <value>
                <![CDATA[9619127329]]>
              </value>
            </param>
          </params>
          <reporter-output>
          </reporter-output>
        </test-method> <!-- runAccountLogin -->
        <test-method status="PASS" signature="buyFood(java.lang.String, java.lang.String)[pri:3, instance:simpliLearn.swiggyApplication.AccountLoginAndBuyFood@31d7b7bf]" name="buyFood" duration-ms="117709" started-at="2021-03-31T04:44:35Z" finished-at="2021-03-31T04:46:32Z">
          <params>
            <param index="0">
              <value>
                <![CDATA[restaurant]]>
              </value>
            </param>
            <param index="1">
              <value>
                <![CDATA[mcdonalds]]>
              </value>
            </param>
          </params>
          <reporter-output>
          </reporter-output>
        </test-method> <!-- buyFood -->
        <test-method status="PASS" signature="tearDown()[pri:0, instance:simpliLearn.swiggyApplication.AccountLoginAndBuyFood@31d7b7bf]" name="tearDown" is-config="true" duration-ms="2374" started-at="2021-03-31T04:46:33Z" finished-at="2021-03-31T04:46:35Z">
          <reporter-output>
          </reporter-output>
        </test-method> <!-- tearDown -->
      </class> <!-- simpliLearn.swiggyApplication.AccountLoginAndBuyFood -->
    </test> <!-- AccountLoginAndBuyFood -->
  </suite> <!-- Regression_Swiggy -->
</testng-results>
