<?xml version="1.0" encoding="UTF-8"?>
<testng-results skipped="0" failed="0" ignored="0" total="1" passed="1">
  <reporter-output>
  </reporter-output>
  <suite name="Regression_Swiggy" duration-ms="66999" started-at="2021-03-30T04:51:21Z" finished-at="2021-03-30T04:52:28Z">
    <groups>
    </groups>
    <test name="SearchRegression" duration-ms="66999" started-at="2021-03-30T04:51:21Z" finished-at="2021-03-30T04:52:28Z">
      <class name="simpliLearn.swiggyApplication.Search">
        <test-method status="PASS" signature="setup()[pri:0, instance:simpliLearn.swiggyApplication.Search@31d7b7bf]" name="setup" is-config="true" duration-ms="33194" started-at="2021-03-30T04:51:21Z" finished-at="2021-03-30T04:51:55Z">
          <reporter-output>
          </reporter-output>
        </test-method> <!-- setup -->
        <test-method status="PASS" signature="runSearchTest(java.lang.String, java.lang.String)[pri:0, instance:simpliLearn.swiggyApplication.Search@31d7b7bf]" name="runSearchTest" duration-ms="32455" started-at="2021-03-30T04:51:55Z" finished-at="2021-03-30T04:52:27Z">
          <params>
            <param index="0">
              <value>
                <![CDATA[restaurant]]>
              </value>
            </param>
            <param index="1">
              <value>
                <![CDATA[Subway]]>
              </value>
            </param>
          </params>
          <reporter-output>
          </reporter-output>
        </test-method> <!-- runSearchTest -->
        <test-method status="PASS" signature="tearDown()[pri:0, instance:simpliLearn.swiggyApplication.Search@31d7b7bf]" name="tearDown" is-config="true" duration-ms="1258" started-at="2021-03-30T04:52:27Z" finished-at="2021-03-30T04:52:28Z">
          <reporter-output>
          </reporter-output>
        </test-method> <!-- tearDown -->
      </class> <!-- simpliLearn.swiggyApplication.Search -->
    </test> <!-- SearchRegression -->
  </suite> <!-- Regression_Swiggy -->
</testng-results>
