<?xml version="1.0" encoding="UTF-8"?>
<!-- Generated by org.testng.reporters.JUnitXMLReporter -->
<testsuite hostname="Cajetan-PC" ignored="0" name="AccountLogin" tests="2" failures="1" timestamp="29 Mar 2021 17:29:19 GMT" time="192.706" errors="0">
  <testcase name="runAccountLogin" time="70.131" classname="simpliLearn.swiggyApplication.AccountLoginAndBuyFood">
    <failure type="org.openqa.selenium.NoSuchElementException" message="An element could not be located on the page using the given search parameters.
For documentation on this error, please visit: https://www.seleniumhq.org/exceptions/no_such_element.html
Build info: version: &amp;apos;3.141.59&amp;apos;, revision: &amp;apos;e82be7d358&amp;apos;, time: &amp;apos;2018-11-14T08:17:03&amp;apos;
System info: host: &amp;apos;CAJETAN-PC&amp;apos;, ip: &amp;apos;172.17.240.1&amp;apos;, os.name: &amp;apos;Windows 10&amp;apos;, os.arch: &amp;apos;amd64&amp;apos;, os.version: &amp;apos;10.0&amp;apos;, java.version: &amp;apos;1.8.0_271&amp;apos;
Driver info: io.appium.java_client.android.AndroidDriver
Capabilities {appActivity: in.swiggy.android.activitie..., appPackage: in.swiggy.android, appWaitActivity: in.swiggy.android.activitie..., databaseEnabled: false, desired: {appActivity: in.swiggy.android.activitie..., appPackage: in.swiggy.android, appWaitActivity: in.swiggy.android.activitie..., deviceName: Galaxy A30s, ensureWebviewsHavePages: true, platformName: android, platformVersion: 10}, deviceApiLevel: 29, deviceManufacturer: samsung, deviceModel: SM-A307FN, deviceName: RZ8MC1GWJ0L, deviceScreenDensity: 280, deviceScreenSize: 720x1560, deviceUDID: RZ8MC1GWJ0L, ensureWebviewsHavePages: true, javascriptEnabled: true, locationContextEnabled: false, networkConnectionEnabled: true, pixelRatio: 1.75, platform: LINUX, platformName: Android, platformVersion: 10, statBarHeight: 53, takesScreenshot: true, viewportRect: {height: 1370, left: 0, top: 53, width: 720}, warnings: {}, webStorageEnabled: false}
Session ID: a1d4d71f-7ac7-46e4-b1c1-f4d8208ebe4b
*** Element info: {Using=id, value=USERNAME}">
      <![CDATA[org.openqa.selenium.NoSuchElementException: An element could not be located on the page using the given search parameters.
For documentation on this error, please visit: https://www.seleniumhq.org/exceptions/no_such_element.html
Build info: version: '3.141.59', revision: 'e82be7d358', time: '2018-11-14T08:17:03'
System info: host: 'CAJETAN-PC', ip: '172.17.240.1', os.name: 'Windows 10', os.arch: 'amd64', os.version: '10.0', java.version: '1.8.0_271'
Driver info: io.appium.java_client.android.AndroidDriver
Capabilities {appActivity: in.swiggy.android.activitie..., appPackage: in.swiggy.android, appWaitActivity: in.swiggy.android.activitie..., databaseEnabled: false, desired: {appActivity: in.swiggy.android.activitie..., appPackage: in.swiggy.android, appWaitActivity: in.swiggy.android.activitie..., deviceName: Galaxy A30s, ensureWebviewsHavePages: true, platformName: android, platformVersion: 10}, deviceApiLevel: 29, deviceManufacturer: samsung, deviceModel: SM-A307FN, deviceName: RZ8MC1GWJ0L, deviceScreenDensity: 280, deviceScreenSize: 720x1560, deviceUDID: RZ8MC1GWJ0L, ensureWebviewsHavePages: true, javascriptEnabled: true, locationContextEnabled: false, networkConnectionEnabled: true, pixelRatio: 1.75, platform: LINUX, platformName: Android, platformVersion: 10, statBarHeight: 53, takesScreenshot: true, viewportRect: {height: 1370, left: 0, top: 53, width: 720}, warnings: {}, webStorageEnabled: false}
Session ID: a1d4d71f-7ac7-46e4-b1c1-f4d8208ebe4b
*** Element info: {Using=id, value=USERNAME}
at org.openqa.selenium.remote.http.W3CHttpResponseCodec.createException(W3CHttpResponseCodec.java:187)
at org.openqa.selenium.remote.http.W3CHttpResponseCodec.decode(W3CHttpResponseCodec.java:122)
at org.openqa.selenium.remote.http.W3CHttpResponseCodec.decode(W3CHttpResponseCodec.java:49)
at org.openqa.selenium.remote.HttpCommandExecutor.execute(HttpCommandExecutor.java:158)
at io.appium.java_client.remote.AppiumCommandExecutor.execute(AppiumCommandExecutor.java:239)
at org.openqa.selenium.remote.RemoteWebDriver.execute(RemoteWebDriver.java:552)
at io.appium.java_client.DefaultGenericMobileDriver.execute(DefaultGenericMobileDriver.java:42)
at io.appium.java_client.AppiumDriver.execute(AppiumDriver.java:1)
at io.appium.java_client.android.AndroidDriver.execute(AndroidDriver.java:1)
at org.openqa.selenium.remote.RemoteWebDriver.findElement(RemoteWebDriver.java:323)
at io.appium.java_client.DefaultGenericMobileDriver.findElement(DefaultGenericMobileDriver.java:62)
at io.appium.java_client.AppiumDriver.findElement(AppiumDriver.java:1)
at io.appium.java_client.android.AndroidDriver.findElement(AndroidDriver.java:1)
at org.openqa.selenium.remote.RemoteWebDriver.findElementById(RemoteWebDriver.java:372)
at io.appium.java_client.DefaultGenericMobileDriver.findElementById(DefaultGenericMobileDriver.java:70)
at io.appium.java_client.AppiumDriver.findElementById(AppiumDriver.java:1)
at io.appium.java_client.android.AndroidDriver.findElementById(AndroidDriver.java:1)
at simpliLearn.swiggyApplication.AccountLoginAndBuyFood.runAccountLogin(AccountLoginAndBuyFood.java:116)
... Removed 29 stack frames]]>
    </failure>
  </testcase> <!-- runAccountLogin -->
  <testcase name="buyFood" time="104.698" classname="simpliLearn.swiggyApplication.AccountLoginAndBuyFood"/>
</testsuite> <!-- AccountLogin -->
