<?xml version="1.0" encoding="UTF-8"?>
<!-- Generated by org.testng.reporters.JUnitXMLReporter -->
<testsuite hostname="Cajetan-PC" ignored="0" name="AccountLoginAndBuyFood" tests="2" failures="0" timestamp="31 Mar 2021 04:46:33 GMT" time="195.601" errors="0">
  <testcase name="runAccountLogin" time="47.159" classname="simpliLearn.swiggyApplication.AccountLoginAndBuyFood"/>
  <testcase name="buyFood" time="117.709" classname="simpliLearn.swiggyApplication.AccountLoginAndBuyFood"/>
</testsuite> <!-- AccountLoginAndBuyFood -->
