<?xml version="1.0" encoding="UTF-8"?>
<!-- Generated by org.testng.reporters.JUnitXMLReporter -->
<testsuite hostname="Cajetan-PC" ignored="0" name="AccountLogin" tests="2" failures="0" timestamp="30 Mar 2021 15:54:53 GMT" time="173.432" errors="0">
  <testcase name="runAccountLogin" time="54.863" classname="simpliLearn.swiggyApplication.AccountLoginAndBuyFood"/>
  <testcase name="buyFood" time="101.868" classname="simpliLearn.swiggyApplication.AccountLoginAndBuyFood"/>
</testsuite> <!-- AccountLogin -->
