<?xml version="1.0" encoding="UTF-8" ?>
<testsuite tests="3" failures="1" name="simpliLearn.swiggyApplication.RunTest" time="88.419" errors="0" skipped="2">
  <properties>
[...]
</properties>
  <testcase classname="simpliLearn.swiggyApplication.RunTest" name="setup" time="29.422">
    <failure message="Unable to create a new remote session. Please check the server log for more details. Original error: An unknown server-side error occurred while processing the command. Original error: Cannot start the &apos;in.swiggy.android&apos; application. Visit https://github.com/appium/appium/blob/master/docs/en/writing-running-appium/android/activity-startup.md for troubleshooting. Original error: Error executing adbExec. Original error: &apos;Command &apos;C:\\Users\\cajy7\\AppData\\Local\\Android\\Sdk\\platform-tools\\adb.exe -P 5037 -s emulator-5554 shell am start -W -n in.swiggy.android/in.swiggy.android.activities.NewUserExperienceActivity -S -a android.intent.action.MAIN -c android.intent.category.LAUNCHER -f 0x10200000&apos; exited with code 1&apos;; Stderr: &apos;java.lang.SecurityException: Permission Denial: starting Intent { act=android.intent.action.MAIN cat=[android.intent.category.LAUNCHER] flg=0x10200000 cmp=in.swiggy.android/.activities.NewUserExperienceActivity } from null (pid=11519, uid=2000) not exported from uid 10086
	at android.os.Parcel.readException(Parcel.java:1684)
	at android.os.Parcel.readException(Parcel.java:1637)
	at android.app.ActivityManagerProxy.startActivityAndWait(ActivityManagerNative.java:3208)
	at com.android.commands.am.Am.runStart(Am.java:630)
	at com.android.commands.am.Am.onRun(Am.java:388)
	at com.android.internal.os.BaseCommand.run(BaseCommand.java:51)
	at com.android.commands.am.Am.main(Am.java:121)
	at com.android.internal.os.RuntimeInit.nativeFinishInit(Native Method)
	at com.android.internal.os.RuntimeInit.main(RuntimeInit.java:262)&apos;; Code: &apos;1&apos;
Build info: version: &apos;3.141.59&apos;, revision: &apos;e82be7d358&apos;, time: &apos;2018-11-14T08:17:03&apos;
System info: host: &apos;CAJETAN-PC&apos;, ip: &apos;172.17.240.1&apos;, os.name: &apos;Windows 10&apos;, os.arch: &apos;amd64&apos;, os.version: &apos;10.0&apos;, java.version: &apos;1.8.0_271&apos;
Driver info: driver.version: AndroidDriver
remote stacktrace: UnknownError: An unknown server-side error occurred while processing the command. Original error: Cannot start the &apos;in.swiggy.android&apos; application. Visit https://github.com/appium/appium/blob/master/docs/en/writing-running-appium/android/activity-startup.md for troubleshooting. Original error: Error executing adbExec. Original error: &apos;Command &apos;C:\\Users\\cajy7\\AppData\\Local\\Android\\Sdk\\platform-tools\\adb.exe -P 5037 -s emulator-5554 shell am start -W -n in.swiggy.android/in.swiggy.android.activities.NewUserExperienceActivity -S -a android.intent.action.MAIN -c android.intent.category.LAUNCHER -f 0x10200000&apos; exited with code 1&apos;; Stderr: &apos;java.lang.SecurityException: Permission Denial: starting Intent { act=android.intent.action.MAIN cat=[android.intent.category.LAUNCHER] flg=0x10200000 cmp=in.swiggy.android/.activities.NewUserExperienceActivity } from null (pid=11519, uid=2000) not exported from uid 10086
	at android.os.Parcel.readException(Parcel.java:1684)
	at android.os.Parcel.readException(Parcel.java:1637)
	at android.app.ActivityManagerProxy.startActivityAndWait(ActivityManagerNative.java:3208)
	at com.android.commands.am.Am.runStart(Am.java:630)
	at com.android.commands.am.Am.onRun(Am.java:388)
	at com.android.internal.os.BaseCommand.run(BaseCommand.java:51)
	at com.android.commands.am.Am.main(Am.java:121)
	at com.android.internal.os.RuntimeInit.nativeFinishInit(Native Method)
	at com.android.internal.os.RuntimeInit.main(RuntimeInit.java:262)&apos;; Code: &apos;1&apos;
    at getResponseForW3CError (C:\Program Files\Appium\resources\app\node_modules\appium\node_modules\appium-base-driver\lib\protocol\errors.js:804:9)
    at asyncHandler (C:\Program Files\Appium\resources\app\node_modules\appium\node_modules\appium-base-driver\lib\protocol\protocol.js:380:37)
Build info: version: &apos;3.141.59&apos;, revision: &apos;e82be7d358&apos;, time: &apos;2018-11-14T08:17:03&apos;
System info: host: &apos;CAJETAN-PC&apos;, ip: &apos;172.17.240.1&apos;, os.name: &apos;Windows 10&apos;, os.arch: &apos;amd64&apos;, os.version: &apos;10.0&apos;, java.version: &apos;1.8.0_271&apos;
Driver info: driver.version: AndroidDriver" type="org.openqa.selenium.SessionNotCreatedException">org.openqa.selenium.SessionNotCreatedException: Unable to create a new remote session. Please check the server log for more details. Original error: An unknown server-side error occurred while processing the command. Original error: Cannot start the &apos;in.swiggy.android&apos; application. Visit https://github.com/appium/appium/blob/master/docs/en/writing-running-appium/android/activity-startup.md for troubleshooting. Original error: Error executing adbExec. Original error: &apos;Command &apos;C:\\Users\\cajy7\\AppData\\Local\\Android\\Sdk\\platform-tools\\adb.exe -P 5037 -s emulator-5554 shell am start -W -n in.swiggy.android/in.swiggy.android.activities.NewUserExperienceActivity -S -a android.intent.action.MAIN -c android.intent.category.LAUNCHER -f 0x10200000&apos; exited with code 1&apos;; Stderr: &apos;java.lang.SecurityException: Permission Denial: starting Intent { act=android.intent.action.MAIN cat=[android.intent.category.LAUNCHER] flg=0x10200000 cmp=in.swiggy.android/.activities.NewUserExperienceActivity } from null (pid=11519, uid=2000) not exported from uid 10086
	at android.os.Parcel.readException(Parcel.java:1684)
	at android.os.Parcel.readException(Parcel.java:1637)
	at android.app.ActivityManagerProxy.startActivityAndWait(ActivityManagerNative.java:3208)
	at com.android.commands.am.Am.runStart(Am.java:630)
	at com.android.commands.am.Am.onRun(Am.java:388)
	at com.android.internal.os.BaseCommand.run(BaseCommand.java:51)
	at com.android.commands.am.Am.main(Am.java:121)
	at com.android.internal.os.RuntimeInit.nativeFinishInit(Native Method)
	at com.android.internal.os.RuntimeInit.main(RuntimeInit.java:262)&apos;; Code: &apos;1&apos;
Build info: version: &apos;3.141.59&apos;, revision: &apos;e82be7d358&apos;, time: &apos;2018-11-14T08:17:03&apos;
System info: host: &apos;CAJETAN-PC&apos;, ip: &apos;172.17.240.1&apos;, os.name: &apos;Windows 10&apos;, os.arch: &apos;amd64&apos;, os.version: &apos;10.0&apos;, java.version: &apos;1.8.0_271&apos;
Driver info: driver.version: AndroidDriver
remote stacktrace: UnknownError: An unknown server-side error occurred while processing the command. Original error: Cannot start the &apos;in.swiggy.android&apos; application. Visit https://github.com/appium/appium/blob/master/docs/en/writing-running-appium/android/activity-startup.md for troubleshooting. Original error: Error executing adbExec. Original error: &apos;Command &apos;C:\\Users\\cajy7\\AppData\\Local\\Android\\Sdk\\platform-tools\\adb.exe -P 5037 -s emulator-5554 shell am start -W -n in.swiggy.android/in.swiggy.android.activities.NewUserExperienceActivity -S -a android.intent.action.MAIN -c android.intent.category.LAUNCHER -f 0x10200000&apos; exited with code 1&apos;; Stderr: &apos;java.lang.SecurityException: Permission Denial: starting Intent { act=android.intent.action.MAIN cat=[android.intent.category.LAUNCHER] flg=0x10200000 cmp=in.swiggy.android/.activities.NewUserExperienceActivity } from null (pid=11519, uid=2000) not exported from uid 10086
	at android.os.Parcel.readException(Parcel.java:1684)
	at android.os.Parcel.readException(Parcel.java:1637)
	at android.app.ActivityManagerProxy.startActivityAndWait(ActivityManagerNative.java:3208)
	at com.android.commands.am.Am.runStart(Am.java:630)
	at com.android.commands.am.Am.onRun(Am.java:388)
	at com.android.internal.os.BaseCommand.run(BaseCommand.java:51)
	at com.android.commands.am.Am.main(Am.java:121)
	at com.android.internal.os.RuntimeInit.nativeFinishInit(Native Method)
	at com.android.internal.os.RuntimeInit.main(RuntimeInit.java:262)&apos;; Code: &apos;1&apos;
    at getResponseForW3CError (C:\Program Files\Appium\resources\app\node_modules\appium\node_modules\appium-base-driver\lib\protocol\errors.js:804:9)
    at asyncHandler (C:\Program Files\Appium\resources\app\node_modules\appium\node_modules\appium-base-driver\lib\protocol\protocol.js:380:37)
Build info: version: &apos;3.141.59&apos;, revision: &apos;e82be7d358&apos;, time: &apos;2018-11-14T08:17:03&apos;
System info: host: &apos;CAJETAN-PC&apos;, ip: &apos;172.17.240.1&apos;, os.name: &apos;Windows 10&apos;, os.arch: &apos;amd64&apos;, os.version: &apos;10.0&apos;, java.version: &apos;1.8.0_271&apos;
Driver info: driver.version: AndroidDriver
	at io.appium.java_client.remote.AppiumCommandExecutor$1.createSession(AppiumCommandExecutor.java:208)
	at io.appium.java_client.remote.AppiumCommandExecutor.createSession(AppiumCommandExecutor.java:217)
	at io.appium.java_client.remote.AppiumCommandExecutor.execute(AppiumCommandExecutor.java:239)
	at org.openqa.selenium.remote.RemoteWebDriver.execute(RemoteWebDriver.java:552)
	at io.appium.java_client.DefaultGenericMobileDriver.execute(DefaultGenericMobileDriver.java:42)
	at io.appium.java_client.AppiumDriver.execute(AppiumDriver.java:1)
	at io.appium.java_client.android.AndroidDriver.execute(AndroidDriver.java:1)
	at org.openqa.selenium.remote.RemoteWebDriver.startSession(RemoteWebDriver.java:213)
	at org.openqa.selenium.remote.RemoteWebDriver.&lt;init&gt;(RemoteWebDriver.java:131)
	at io.appium.java_client.DefaultGenericMobileDriver.&lt;init&gt;(DefaultGenericMobileDriver.java:38)
	at io.appium.java_client.AppiumDriver.&lt;init&gt;(AppiumDriver.java:84)
	at io.appium.java_client.AppiumDriver.&lt;init&gt;(AppiumDriver.java:94)
	at io.appium.java_client.android.AndroidDriver.&lt;init&gt;(AndroidDriver.java:95)
	at simpliLearn.swiggyApplication.RunTest.setup(RunTest.java:25)
Caused by: java.lang.reflect.InvocationTargetException
	at sun.reflect.NativeMethodAccessorImpl.invoke0(Native Method)
	at sun.reflect.NativeMethodAccessorImpl.invoke(NativeMethodAccessorImpl.java:62)
	at sun.reflect.DelegatingMethodAccessorImpl.invoke(DelegatingMethodAccessorImpl.java:43)
	at java.lang.reflect.Method.invoke(Method.java:498)
	at io.appium.java_client.remote.AppiumCommandExecutor$1.createSession(AppiumCommandExecutor.java:186)
	... 46 more
Caused by: org.openqa.selenium.WebDriverException: An unknown server-side error occurred while processing the command. Original error: Cannot start the &apos;in.swiggy.android&apos; application. Visit https://github.com/appium/appium/blob/master/docs/en/writing-running-appium/android/activity-startup.md for troubleshooting. Original error: Error executing adbExec. Original error: &apos;Command &apos;C:\\Users\\cajy7\\AppData\\Local\\Android\\Sdk\\platform-tools\\adb.exe -P 5037 -s emulator-5554 shell am start -W -n in.swiggy.android/in.swiggy.android.activities.NewUserExperienceActivity -S -a android.intent.action.MAIN -c android.intent.category.LAUNCHER -f 0x10200000&apos; exited with code 1&apos;; Stderr: &apos;java.lang.SecurityException: Permission Denial: starting Intent { act=android.intent.action.MAIN cat=[android.intent.category.LAUNCHER] flg=0x10200000 cmp=in.swiggy.android/.activities.NewUserExperienceActivity } from null (pid=11519, uid=2000) not exported from uid 10086
	at android.os.Parcel.readException(Parcel.java:1684)
	at android.os.Parcel.readException(Parcel.java:1637)
	at android.app.ActivityManagerProxy.startActivityAndWait(ActivityManagerNative.java:3208)
	at com.android.commands.am.Am.runStart(Am.java:630)
	at com.android.commands.am.Am.onRun(Am.java:388)
	at com.android.internal.os.BaseCommand.run(BaseCommand.java:51)
	at com.android.commands.am.Am.main(Am.java:121)
	at com.android.internal.os.RuntimeInit.nativeFinishInit(Native Method)
	at com.android.internal.os.RuntimeInit.main(RuntimeInit.java:262)&apos;; Code: &apos;1&apos;
Build info: version: &apos;3.141.59&apos;, revision: &apos;e82be7d358&apos;, time: &apos;2018-11-14T08:17:03&apos;
System info: host: &apos;CAJETAN-PC&apos;, ip: &apos;172.17.240.1&apos;, os.name: &apos;Windows 10&apos;, os.arch: &apos;amd64&apos;, os.version: &apos;10.0&apos;, java.version: &apos;1.8.0_271&apos;
Driver info: driver.version: AndroidDriver
remote stacktrace: UnknownError: An unknown server-side error occurred while processing the command. Original error: Cannot start the &apos;in.swiggy.android&apos; application. Visit https://github.com/appium/appium/blob/master/docs/en/writing-running-appium/android/activity-startup.md for troubleshooting. Original error: Error executing adbExec. Original error: &apos;Command &apos;C:\\Users\\cajy7\\AppData\\Local\\Android\\Sdk\\platform-tools\\adb.exe -P 5037 -s emulator-5554 shell am start -W -n in.swiggy.android/in.swiggy.android.activities.NewUserExperienceActivity -S -a android.intent.action.MAIN -c android.intent.category.LAUNCHER -f 0x10200000&apos; exited with code 1&apos;; Stderr: &apos;java.lang.SecurityException: Permission Denial: starting Intent { act=android.intent.action.MAIN cat=[android.intent.category.LAUNCHER] flg=0x10200000 cmp=in.swiggy.android/.activities.NewUserExperienceActivity } from null (pid=11519, uid=2000) not exported from uid 10086
	at android.os.Parcel.readException(Parcel.java:1684)
	at android.os.Parcel.readException(Parcel.java:1637)
	at android.app.ActivityManagerProxy.startActivityAndWait(ActivityManagerNative.java:3208)
	at com.android.commands.am.Am.runStart(Am.java:630)
	at com.android.commands.am.Am.onRun(Am.java:388)
	at com.android.internal.os.BaseCommand.run(BaseCommand.java:51)
	at com.android.commands.am.Am.main(Am.java:121)
	at com.android.internal.os.RuntimeInit.nativeFinishInit(Native Method)
	at com.android.internal.os.RuntimeInit.main(RuntimeInit.java:262)&apos;; Code: &apos;1&apos;
    at getResponseForW3CError (C:\Program Files\Appium\resources\app\node_modules\appium\node_modules\appium-base-driver\lib\protocol\errors.js:804:9)
    at asyncHandler (C:\Program Files\Appium\resources\app\node_modules\appium\node_modules\appium-base-driver\lib\protocol\protocol.js:380:37)
	at sun.reflect.NativeConstructorAccessorImpl.newInstance0(Native Method)
	at sun.reflect.NativeConstructorAccessorImpl.newInstance(NativeConstructorAccessorImpl.java:62)
	at sun.reflect.DelegatingConstructorAccessorImpl.newInstance(DelegatingConstructorAccessorImpl.java:45)
	at java.lang.reflect.Constructor.newInstance(Constructor.java:423)
	at org.openqa.selenium.remote.W3CHandshakeResponse.lambda$errorHandler$0(W3CHandshakeResponse.java:62)
	at org.openqa.selenium.remote.HandshakeResponse.lambda$getResponseFunction$0(HandshakeResponse.java:30)
	at org.openqa.selenium.remote.ProtocolHandshake.lambda$createSession$0(ProtocolHandshake.java:126)
	at java.util.stream.ReferencePipeline$3$1.accept(ReferencePipeline.java:193)
	at java.util.Spliterators$ArraySpliterator.tryAdvance(Spliterators.java:958)
	at java.util.stream.ReferencePipeline.forEachWithCancel(ReferencePipeline.java:126)
	at java.util.stream.AbstractPipeline.copyIntoWithCancel(AbstractPipeline.java:499)
	at java.util.stream.AbstractPipeline.copyInto(AbstractPipeline.java:486)
	at java.util.stream.AbstractPipeline.wrapAndCopyInto(AbstractPipeline.java:472)
	at java.util.stream.FindOps$FindOp.evaluateSequential(FindOps.java:152)
	at java.util.stream.AbstractPipeline.evaluate(AbstractPipeline.java:234)
	at java.util.stream.ReferencePipeline.findFirst(ReferencePipeline.java:464)
	at org.openqa.selenium.remote.ProtocolHandshake.createSession(ProtocolHandshake.java:128)
	... 51 more
</failure>
    <system-out>Configuring TestNG with: org.apache.maven.surefire.testng.conf.TestNG652Configurator@7637f22
</system-out>
  </testcase>
  <testcase classname="simpliLearn.swiggyApplication.RunTest" name="executeTest" time="29.496">
    <skipped/>
  </testcase>
  <testcase classname="simpliLearn.swiggyApplication.RunTest" name="exit" time="29.501">
    <skipped/>
  </testcase>
</testsuite>