<?xml version="1.0" encoding="UTF-8"?>
<testng-results skipped="0" failed="0" ignored="0" total="1" passed="1">
  <reporter-output>
  </reporter-output>
  <suite name="Regression_Swiggy" duration-ms="54253" started-at="2021-03-30T06:52:36Z" finished-at="2021-03-30T06:53:30Z">
    <groups>
    </groups>
    <test name="SearchRegression" duration-ms="54253" started-at="2021-03-30T06:52:36Z" finished-at="2021-03-30T06:53:30Z">
      <class name="simpliLearn.swiggyApplication.Search">
        <test-method status="PASS" signature="setup()[pri:0, instance:simpliLearn.swiggyApplication.Search@4df50bcc]" name="setup" is-config="true" duration-ms="24790" started-at="2021-03-30T06:52:36Z" finished-at="2021-03-30T06:53:00Z">
          <reporter-output>
          </reporter-output>
        </test-method> <!-- setup -->
        <test-method status="PASS" signature="runSearchTest(java.lang.String, java.lang.String)[pri:0, instance:simpliLearn.swiggyApplication.Search@4df50bcc]" name="runSearchTest" duration-ms="27955" started-at="2021-03-30T06:53:00Z" finished-at="2021-03-30T06:53:28Z">
          <params>
            <param index="0">
              <value>
                <![CDATA[dish]]>
              </value>
            </param>
            <param index="1">
              <value>
                <![CDATA[fish]]>
              </value>
            </param>
          </params>
          <reporter-output>
          </reporter-output>
        </test-method> <!-- runSearchTest -->
        <test-method status="PASS" signature="tearDown()[pri:0, instance:simpliLearn.swiggyApplication.Search@4df50bcc]" name="tearDown" is-config="true" duration-ms="1429" started-at="2021-03-30T06:53:28Z" finished-at="2021-03-30T06:53:30Z">
          <reporter-output>
          </reporter-output>
        </test-method> <!-- tearDown -->
      </class> <!-- simpliLearn.swiggyApplication.Search -->
    </test> <!-- SearchRegression -->
  </suite> <!-- Regression_Swiggy -->
</testng-results>
