-------------------------------------------------------------------------------
Test set: TestSuite
-------------------------------------------------------------------------------
Tests run: 7, Failures: 1, Errors: 0, Skipped: 6, Time elapsed: 7.898 s <<< FAILURE! - in TestSuite
setup(simpliLearn.swiggyApplication.Search)  Time elapsed: 7.681 s  <<< FAILURE!
java.lang.RuntimeException: DeviceType entered does not exist for this test environment.
	at simpliLearn.swiggyApplication.Search.setup(Search.java:32)

